# SSL/TLS secrets log file, generated by NSS
CLIENT_RANDOM 1a70cc96e200ad78a1073ab963a6f2683c042cfa76a21e43205adba8d9b56303 62b6c6b6b57d771821e1561e48aec5b1ce4d6f5a109dcd81dd6ce15c7db58aace1c4fe2fb555d85b504846b80e69a9bd
CLIENT_RANDOM 00ba831f948c5a436bccae8ef0050c5327011cf36a29e50927717e67e07e788d 62b6c6b6b57d771821e1561e48aec5b1ce4d6f5a109dcd81dd6ce15c7db58aace1c4fe2fb555d85b504846b80e69a9bd
CLIENT_RANDOM fa0f244a1775672d8850613a1ed5161ad55b1fac2d4413385b3b446a51700ad0 6445e58e12ae0e2c192532d15f0797af3687fee17d45da46aa28798833e8abd4998784329ab143aead37d4d1cf5b5166
CLIENT_RANDOM 92ac4876d712c9e29c5afc9e4993cf3c886c1c52ee22f7971547073e57af4046 bcd154c38b38e9deaa0d9a5945ed7899c17debdafe6dbcac3b3d5454e7d5ef54de829fecdc1862b5c4239b628af1b1f1
CLIENT_RANDOM 797e5f939fe5dc4b950175d6fd8772b0323bd8b805dc6ebe1cd62f195e452295 bcd154c38b38e9deaa0d9a5945ed7899c17debdafe6dbcac3b3d5454e7d5ef54de829fecdc1862b5c4239b628af1b1f1
CLIENT_RANDOM 912e7c0714f58b1af3f2f79a25209b0237139b77304b1bdd741c91eca854b470 3b92def832a4857278a9953f641af0eb07af8bfabd0c69da2d54885d0c21c1610d2193be10810f2398ec5dd65dd96bdb
CLIENT_RANDOM d88d465d39fe2ee9e6dba9494a2d0f6ac798a9419efb83fa86d6ae7b11061284 24c99f00d69610b31595d7c0f1f2d1cb376354f2e40cf449264beb386a1f88e8c0ea7a3b148845b30e79cb04046dd413
CLIENT_HANDSHAKE_TRAFFIC_SECRET 03312834e5df543433caa03f6b409360f7cc70ae35b58a886536c4a2399c9c82 8b6a2c5cb6a9be3356f1add9d08d869f674cfbaae143a1c627c8b129c704e00e38ce0ceb73861bffdc0f2135fa74b964
SERVER_HANDSHAKE_TRAFFIC_SECRET 03312834e5df543433caa03f6b409360f7cc70ae35b58a886536c4a2399c9c82 a3ba1eee0122bca9e03b8a32e8e14e993d7ea3d869c5b2f0c8c60816fbd2d362d7eccf0133b920f3c72bce2411b3dd67
CLIENT_HANDSHAKE_TRAFFIC_SECRET cb8b936b9fbcf8e57eebcf57e40eb748519356dfa39c43d8b4c16a46f338d760 3f8a99b6b745f55d7f1b14fb4b7b74fdb9454e96244c1c9ddc272cde2b9d5a3a86d9e246988b32fb259bcd8996ca3297
SERVER_HANDSHAKE_TRAFFIC_SECRET cb8b936b9fbcf8e57eebcf57e40eb748519356dfa39c43d8b4c16a46f338d760 cc93f9e6cfdec8dec589c9688d67f602288e97cb20ec52132a6292fac5c81fb12cba778894274aad96955a3f7113c74c
CLIENT_HANDSHAKE_TRAFFIC_SECRET 9489f39c0ea8594b799f1a1781b1e22c882e67610cd6c2d09d95ea334420468e 456e5ae76056389072094bd48454174881fa95539c831a1d5e8d3192c02fdd5c35b2b5187df9fbeb2783ca2390ad39f5
SERVER_HANDSHAKE_TRAFFIC_SECRET 9489f39c0ea8594b799f1a1781b1e22c882e67610cd6c2d09d95ea334420468e a1abbcaf16dfafcf9065052c90316e573ffeec000d72f5e339ca413902579c31a3c1e1c1560c074e24238600d4560fb0
CLIENT_HANDSHAKE_TRAFFIC_SECRET 83ad5da5bdae4a952f45b35079d730642fdcc1f4fd1593f04e4bdaeb2247e74f fecb78a4363a1b92abf38e404f5cf1369c001c2c96af5237ed2a54ad2562ecddb21560b050cc53e5ce64e68c31adca58
SERVER_HANDSHAKE_TRAFFIC_SECRET 83ad5da5bdae4a952f45b35079d730642fdcc1f4fd1593f04e4bdaeb2247e74f 6a00c62ac310d5b427c90cc97852d4f22c8af505266aa3a93a6cb46a075b43f9f5206c5d6c7cf65bfe23010852062dbc
CLIENT_TRAFFIC_SECRET_0 03312834e5df543433caa03f6b409360f7cc70ae35b58a886536c4a2399c9c82 d5fc5ad2233cf9f59b2c32753eeac43cb0c16fbbf7f30228f19fd2b740b1f69853ccb60ff6e8fc60d176ad2a695dfb3f
SERVER_TRAFFIC_SECRET_0 03312834e5df543433caa03f6b409360f7cc70ae35b58a886536c4a2399c9c82 2f591428962981d51268c97c2fa07e9ae311440fa963b70e5337c7ded80b1f4dc2a05e43f1922db881dca1a62443f858
EXPORTER_SECRET 03312834e5df543433caa03f6b409360f7cc70ae35b58a886536c4a2399c9c82 d33e356cb3eb190b5bc61163dac3414af1739e12515d7dcce04b52d5a94f7ceefd98d9e63f519b0e40c4dd83a9b37280
CLIENT_TRAFFIC_SECRET_0 cb8b936b9fbcf8e57eebcf57e40eb748519356dfa39c43d8b4c16a46f338d760 b9b8a758b37c8434a86892fad98b09d59a1e19f18e2bae2fcb3a64fc042cba61fe8315254ccd243ec78a0c024430df70
SERVER_TRAFFIC_SECRET_0 cb8b936b9fbcf8e57eebcf57e40eb748519356dfa39c43d8b4c16a46f338d760 ec03305d8b465e30635615f0909d1fa0f0f0bfc184b617935c6d7d073d810b07c5c45ca15956d352d091e2730b7ac8ed
EXPORTER_SECRET cb8b936b9fbcf8e57eebcf57e40eb748519356dfa39c43d8b4c16a46f338d760 cf54e37b6821466d99123b3e2a621c395c0f0d8690c9be231987d1cbb71f7d9604019e538a182a077c750145d61cbcb0
CLIENT_TRAFFIC_SECRET_0 9489f39c0ea8594b799f1a1781b1e22c882e67610cd6c2d09d95ea334420468e 9bfa0b4ee15e0f2b7bad876822bdaf0b22133883d9c24e24b8546394c133174f508bd0e492d715a4fcd35c6cac88b814
SERVER_TRAFFIC_SECRET_0 9489f39c0ea8594b799f1a1781b1e22c882e67610cd6c2d09d95ea334420468e 660e467fd39ed9d7996776d79ba21e17373cf31bfd331e2fe8b5be31e6c012168abc485a1c1dd4ea5784b5c574296781
EXPORTER_SECRET 9489f39c0ea8594b799f1a1781b1e22c882e67610cd6c2d09d95ea334420468e 174d63cb2fc9acd931e166e6fafe9383bb070815b91db10ae1e844a465aef7daa8cf534db06d79adf8c31c3974d6dba0
CLIENT_TRAFFIC_SECRET_0 83ad5da5bdae4a952f45b35079d730642fdcc1f4fd1593f04e4bdaeb2247e74f 4e47ef95c5839e86d191aef9722cc91f27cadb208f40f1abd9f9b1c2376f25968a25474b990b39f2bb567d512f13c94d
SERVER_TRAFFIC_SECRET_0 83ad5da5bdae4a952f45b35079d730642fdcc1f4fd1593f04e4bdaeb2247e74f f2e77d67ba344ed081ac2f38fd3584c5b148b1dd31592efe6f173a98bb10e9b7fadf442cf419963e66e19f1aa25d462b
EXPORTER_SECRET 83ad5da5bdae4a952f45b35079d730642fdcc1f4fd1593f04e4bdaeb2247e74f a58339f6e24412d14c9aa6642617f4b616b1ac135ba442147865e7e3dcec0cf950094b1d7ec688d89b6887ed37949b41
CLIENT_HANDSHAKE_TRAFFIC_SECRET fe84b2f97aedfe01fb0b691ad6e0cff98ff2ddd26cd6faa4580fdbc88ed596ed adbfa583780612838736844eb6932c208cc76a74cded5a27ae1c93f373007a02
SERVER_HANDSHAKE_TRAFFIC_SECRET fe84b2f97aedfe01fb0b691ad6e0cff98ff2ddd26cd6faa4580fdbc88ed596ed 913757960079f0ea0ad3120941d61058518aaa9eedc48d1a1d0df3e5e21664bb
CLIENT_RANDOM 631de1b70f5786cccd9bfb1c0a3b0600e95d91b27f6e2b38918afbffda799b11 458af277658727dee936d179bbd8d7c4411c1a7373872207ec1de889e634206fdfb8c19da712fec7198ff9fa6f4a849b
CLIENT_TRAFFIC_SECRET_0 fe84b2f97aedfe01fb0b691ad6e0cff98ff2ddd26cd6faa4580fdbc88ed596ed 625c3da888026bdc2242f6a1d5da3c38f3eee0fe5c6f63b1b05abc2bae937939
SERVER_TRAFFIC_SECRET_0 fe84b2f97aedfe01fb0b691ad6e0cff98ff2ddd26cd6faa4580fdbc88ed596ed f0fbe57cc28d750a77cc6302579db4cc81e4d79825d57de2f7d898044fb67c9f
EXPORTER_SECRET fe84b2f97aedfe01fb0b691ad6e0cff98ff2ddd26cd6faa4580fdbc88ed596ed 97e002318a235d85fadf2452ca987df693b8ee6785f335ee72802c208baddddc
CLIENT_RANDOM ea28f63f842cac62b7c72589af318c1243063c0413b46c34df40b5e7c7c26dbc 239e1dd876fbabbf10f4ba25197a760df486b5c24e60ab86685945071bfcb7364a7dca4244abee392d109e7824a2c3ec
CLIENT_RANDOM 948430cb4ab3ddbf05194820a0b3e46b7cd493503bafe0e2cf658a75943162bf 485d1823024c1d837297c2b0d6d986b6b29ebb456dd45d64170cba80d1d32c9af38a67bfb61b595a3e292fa0ee3b6d6d
CLIENT_RANDOM 7f00d1f58d67b3877c7029d96f66272c8fa66018f105dc683ce8509124d509b1 d69345741bd34abbd71922300e5984e096e2aa5ab7933d18cfd8015a51db2fc825b07a2d87d7b6987215fba8cdb42a11
CLIENT_RANDOM 6562421e06e7d806b4a8786f47a72b7b4ef3701798d021fbfa9033ce6e2bcd54 283dde5087ce7e471f1a0f1b96c0815dfb5cd061fda834b469dfa29830dccbe5df2de28889fff7d96d4f0eb3e0696ea9
CLIENT_RANDOM 630eb6988ce01c7aa007cd1fba3ee79e01b1e60a0441e4c4ce389f74e03bf838 7280a4581d875c579576ad6059ac41e3e1498f4d5349bb6c6f2045c240ba375d4c3f9a05bfd6c308a9dd19a7d938c118
CLIENT_RANDOM 91a9580c3f08bd66ce7b6a85d7a505c3035cc60415ae31b0b899fe4c6b35d84e 552cf8aab0e33e4bcefc1ebe71aecdfad69cd8ebc4433b42a76a6610f97c3728af9c84eb295b6db73c7faaa9f6b80764
CLIENT_HANDSHAKE_TRAFFIC_SECRET 18dc5cd282c11d531f184111cb3107f754ef9b05dd28020572f8f6e393b9c5c3 937988b56a120c3a18622e02486de269399e7c0101067787b44eb3f272860cd1dcc0d96b9907d3974de8f06457de7569
SERVER_HANDSHAKE_TRAFFIC_SECRET 18dc5cd282c11d531f184111cb3107f754ef9b05dd28020572f8f6e393b9c5c3 fa575b3224042f899e97b8ac13cb5209442ad3f290acc2941051a168cee1bf717d8be93d7ed5976b49b8eac1705545ac
CLIENT_TRAFFIC_SECRET_0 18dc5cd282c11d531f184111cb3107f754ef9b05dd28020572f8f6e393b9c5c3 31a4ebd0a30e224c0668026d8477366c0d4e459d7942564748f5b82537636469a8fe79fa30614bdcca1db14929724178
SERVER_TRAFFIC_SECRET_0 18dc5cd282c11d531f184111cb3107f754ef9b05dd28020572f8f6e393b9c5c3 3791a56c13fd267e8353f9f5757546efac8aa5e555cf0251ffebe2be70dc0a8c27f6de63cd329ef2660be70c9cc48a1a
EXPORTER_SECRET 18dc5cd282c11d531f184111cb3107f754ef9b05dd28020572f8f6e393b9c5c3 d9c0cfa315975246fc07002b2eff85880d1ae41611a4d980b215e0ce290a38e5d602365108bdfd0b1f52b602f9449a90
CLIENT_RANDOM 5e99f5ed7a29777954c9e2fa6b83807160a6e6ff6dcb139f51fbbb3b48f4b951 cd6597838c6e9027d4e2eed0c10e307384ee22f3fc5a37207c7b51b1d6340d15fd26ba8f312b2ec1e0977d29788040ed
CLIENT_RANDOM 5e99f5b5dc5baa5cf3e7cdf526bcb8683d2179e143a27b76038e10efcfb37e66 08c5ab54766780cd023f767896c228d88de22c831fd147d74b6956253e093b2487017015ad94958b5edf99f273a728b6
CLIENT_RANDOM d258a1c51d01f6f4d7228c00ed48da0353e8c9a6b9c2e0c4b6f54e07e0641a3f 82e8f5bea341e78bb301ff937d1163066ac004038ebed58a3f11c6fbfaa1bbddef0e97809d0b6c4de8ee3f1ef1198a48
CLIENT_RANDOM 09fccfaa2f77ec87b0b6e5b7c73c625a02d8415773724f629117b6dffc0fb47d 82e8f5bea341e78bb301ff937d1163066ac004038ebed58a3f11c6fbfaa1bbddef0e97809d0b6c4de8ee3f1ef1198a48
CLIENT_RANDOM 9ef3421ba0dc5efcc1815c23427488cff01e8f1087ae5c52314e4657bfdd224a 82e8f5bea341e78bb301ff937d1163066ac004038ebed58a3f11c6fbfaa1bbddef0e97809d0b6c4de8ee3f1ef1198a48
CLIENT_RANDOM 7121d883309d249e0048eb1bebda58794cf4648dff65caff097385ab0b2cb217 1cf1be576fbd6a44356ea4ba8b8daf25fa8a7551b797741c6d6383e3e46ffd01a7ecc5f604ae37e749de147476be1162
CLIENT_RANDOM 1acc8a9c6018d0a56ee1ec7b1f936806c2e214ae430712cfef166112488f968b 08da397edef285e9011d0819f6b08a9e3fb22718844567fe2d5a392954e0db8896a3bf655ea9d4433114a2e06c60f424
CLIENT_RANDOM ea55dbd1030042fd2dfa86e2377da0f0c34b2efc8f098e86537b298681cce736 a0e916e0b15ebd73896a2096065be20ba2f5724311832571f7bd57b43cf09c606f71c5eb516143ab14e4f0375078572e
CLIENT_RANDOM fcf1e95d64f6acf25ec5e016582564ca0f458dcca4c6ac26f05a661270d2b027 fc52e322bf87692b98f8877f7cdc9232729710fe10ece115f4b034731fc36961079ca121beec3c1a669574c9b5165f2a
CLIENT_RANDOM ba75ca3c8a7a658603b8d8ab80add3c117724ce723fd68dd541d0a95e3b3e9c8 4464f5deb4d44b1a15479476d451a27ac36c7694751732bd0b2e16427a994e2350783979f490ac06d389849f1338b51f
CLIENT_RANDOM 5741b0760d06ad2a387cfab6a6891fd34f36e25d0d63b5bc618594c4c8d09079 fc52e322bf87692b98f8877f7cdc9232729710fe10ece115f4b034731fc36961079ca121beec3c1a669574c9b5165f2a
CLIENT_HANDSHAKE_TRAFFIC_SECRET f3393aac3883a1476db473ad337b8522ec7ceab15e012b1d6252e9354b15ccf5 99100922a840288c1f59523eac20e8d87eb0b42a1286696be3b13cbe806e1e521edfc844d50864d65d5991286337951a
SERVER_HANDSHAKE_TRAFFIC_SECRET f3393aac3883a1476db473ad337b8522ec7ceab15e012b1d6252e9354b15ccf5 e79ab62177d27ea211b6f9eb77b2f810cd3ae3460db0f4269381f287101a268414f049c769219ea221c8e8e7574a1402
CLIENT_HANDSHAKE_TRAFFIC_SECRET c5dfb8739ae72e785a2d8399fb90c10e8eaa3da6320ba7cd76fb1af2e1b1006a 17dd399b0ea32920073b0cf9840c2e9095b69b11353611aa7b12bf26bec5f5cf8aca5b7643033815fba51d0301dc5bbc
SERVER_HANDSHAKE_TRAFFIC_SECRET c5dfb8739ae72e785a2d8399fb90c10e8eaa3da6320ba7cd76fb1af2e1b1006a 0bd33f479ca056ebb1c6e993c0e6e6d92b1142b69f1a87df9e0190506016fa218498b786fe93605e1e7059d2c2b05c91
CLIENT_HANDSHAKE_TRAFFIC_SECRET 27590b87c1dcb84107b0a3fe1ebf7c25ec230c3d6a6c98e6e1de88c1d2c11c66 8292b71305e43ed93f26661f944557a626c6a1f80e2dded477724e829f2c1d63d9eb97a5e2bb398e41245e8581f7a1c4
SERVER_HANDSHAKE_TRAFFIC_SECRET 27590b87c1dcb84107b0a3fe1ebf7c25ec230c3d6a6c98e6e1de88c1d2c11c66 3eabd9fb0bbb2d7e95d7a83df9e084eecb6469641b330fbe4c00d34eb468e2f1e4223ec20ebdac92e3a5631471984e3c
CLIENT_HANDSHAKE_TRAFFIC_SECRET bd342f04ac8a5dcf395281c2586107f262a9ca7d23e4cf8e6df08587791e9043 ea3f861e2ff0c9ac1268ca7b86373759e697aabc98a2a473e0baed25c07ba0080c99047fe69f0b2233c702c76d062c25
SERVER_HANDSHAKE_TRAFFIC_SECRET bd342f04ac8a5dcf395281c2586107f262a9ca7d23e4cf8e6df08587791e9043 768cd1bdce9d240a1a4a5f9f976e48839caa82fff10f527b40969f2b26ed7cca52466c5cc10b58315cf83a41b72da8d7
CLIENT_HANDSHAKE_TRAFFIC_SECRET c5eab61166f00fe09c721c1f46187f96f86d81944396dac8194b45a4f6fbbda7 26d88b212270d05b20a6651c4f455bdd454daa2dcef83c794315c8533edbf8615444e2aed941a0f40369174fda9dfc62
SERVER_HANDSHAKE_TRAFFIC_SECRET c5eab61166f00fe09c721c1f46187f96f86d81944396dac8194b45a4f6fbbda7 7577ca2b6c20e4a5f977b40d090a5bd178a733d281a9e652342113b8f9a507360aff59ccca0fe8f107e5b69c8c1a3fef
CLIENT_TRAFFIC_SECRET_0 f3393aac3883a1476db473ad337b8522ec7ceab15e012b1d6252e9354b15ccf5 4bf67c581a27fc7ce0626b19d7989f0febe05ff33db08fc8dc3f3f3d72fd6ca683abf580bcb3c215b42edf85d4f64ea6
SERVER_TRAFFIC_SECRET_0 f3393aac3883a1476db473ad337b8522ec7ceab15e012b1d6252e9354b15ccf5 c50306acb79248575d3a8f12eca5fdfa30652ec5140b0ad8559003515e8166d895feacf858661b81b51632620c62159e
EXPORTER_SECRET f3393aac3883a1476db473ad337b8522ec7ceab15e012b1d6252e9354b15ccf5 fbe562a3a7b363f7b73f8de8c0e115f773478c83ebe3489b7ed3a3af7a617c29d4459b0b5d666bd18c3f87f21eefb4ed
CLIENT_TRAFFIC_SECRET_0 c5eab61166f00fe09c721c1f46187f96f86d81944396dac8194b45a4f6fbbda7 feb7ceef4fc5ef303a6212f3618b40e329457d97ac98fb8e9b217ce631dfc8ca0c80e6a49c1da26871f2295c1f7fa687
SERVER_TRAFFIC_SECRET_0 c5eab61166f00fe09c721c1f46187f96f86d81944396dac8194b45a4f6fbbda7 4d16743f8506beccc198fe8cd9593ff435ac54a147056a6b161a8e59ba6d186d2fd3451216c19e4a51e51927f7cdd78d
EXPORTER_SECRET c5eab61166f00fe09c721c1f46187f96f86d81944396dac8194b45a4f6fbbda7 8136ac7313af46168e8a14abe179e07639c6a191744c604af6f69cb78118ea23031c1a9e86ff919f60b5dfe2c9cddb8f
CLIENT_TRAFFIC_SECRET_0 c5dfb8739ae72e785a2d8399fb90c10e8eaa3da6320ba7cd76fb1af2e1b1006a e80cec8d8f006b44be46a0d6017fa14d2fc912167f9b151af5cfc9674b4439b8892f5e7d4be04940d2dc1423dc338116
SERVER_TRAFFIC_SECRET_0 c5dfb8739ae72e785a2d8399fb90c10e8eaa3da6320ba7cd76fb1af2e1b1006a e7404ac8f58da3c3ffe900fb6ce8047d223a3e8b20f3982f5e75f89e3c99525142131a25f8f1dcd6411f9c00bcbdbfc5
EXPORTER_SECRET c5dfb8739ae72e785a2d8399fb90c10e8eaa3da6320ba7cd76fb1af2e1b1006a 7e22337beb46ffa760e5a5636cefb5ffcd9b9870a2e38559162ba12ed4d32ec569ed7616f5fe1a5faadb1c3280e5a67f
CLIENT_TRAFFIC_SECRET_0 27590b87c1dcb84107b0a3fe1ebf7c25ec230c3d6a6c98e6e1de88c1d2c11c66 71f5b19ec3435e1f1b0b56d62c901d668b6257f07577e2ec4cadf3b0856e6f9af08bf361df32e20ee0f786a34db1a52b
SERVER_TRAFFIC_SECRET_0 27590b87c1dcb84107b0a3fe1ebf7c25ec230c3d6a6c98e6e1de88c1d2c11c66 c2635d2efb53e7c8c03b77848f2fabf3437fc5f6f00ced07f149cf2e6b7251f3d955d5e0b9a986fb31595d2f169658f3
EXPORTER_SECRET 27590b87c1dcb84107b0a3fe1ebf7c25ec230c3d6a6c98e6e1de88c1d2c11c66 9a7e5e08f1c621eb581c33792dd14f404de700ba2283f0fdd6477c8f66721f145b18adb92311d8c7ad3596dadfcb9609
CLIENT_HANDSHAKE_TRAFFIC_SECRET b86e507ffb06bee1672bd5c00d2b078464da2b2311f5f2ad50e91f4548496488 53bab8e2984555790eda625f8cf1ffb95eebfb6632020f302932afbac4b467f0b09be400475fd0265193a02ff8b85963
SERVER_HANDSHAKE_TRAFFIC_SECRET b86e507ffb06bee1672bd5c00d2b078464da2b2311f5f2ad50e91f4548496488 b239ef9ae1656a860dad9df467327aa30deb0114af5d386ee0460596d4d481c904708134e511cb298b9f28836c348bc4
CLIENT_TRAFFIC_SECRET_0 bd342f04ac8a5dcf395281c2586107f262a9ca7d23e4cf8e6df08587791e9043 bf212d82341536212d1e4f9ef6c1509ecb086f2693291e24a92d19a4ce89c1b2263648364a678af160eeb253fb61011e
SERVER_TRAFFIC_SECRET_0 bd342f04ac8a5dcf395281c2586107f262a9ca7d23e4cf8e6df08587791e9043 ff666841034a4fdb681d007045f4daa0353d8e576cf3c0d9c3fa5a76820dc42a29be5d146c4f0efa5f025b6db82d67be
EXPORTER_SECRET bd342f04ac8a5dcf395281c2586107f262a9ca7d23e4cf8e6df08587791e9043 4c6aa8f8271d12858f51b0b0ac8a81698fd3cf27092d55c43fda4bc38c0237cf5da93d56ebf2d33af25d3f81fb673e56
CLIENT_TRAFFIC_SECRET_0 b86e507ffb06bee1672bd5c00d2b078464da2b2311f5f2ad50e91f4548496488 6c2251ee881515847d853d6c0c66fa83dd9d61a5f8d5bca58908e19f622d0e0d60506d151951284ea2fad2c876dc5ba3
SERVER_TRAFFIC_SECRET_0 b86e507ffb06bee1672bd5c00d2b078464da2b2311f5f2ad50e91f4548496488 b3b2c20f4e57e81b7846b0b623599809b8d8549dbaa7aa09556aa516d8048171ff0afd0d41abc729183bc73fd08f6993
EXPORTER_SECRET b86e507ffb06bee1672bd5c00d2b078464da2b2311f5f2ad50e91f4548496488 e578efca70c3da3d9666f0975fb26a2750b38bc0a52ed9f5f6d9eb750dc17358565eee5e928323983d24db73444868f5
CLIENT_HANDSHAKE_TRAFFIC_SECRET a76a57581af9eca07759a1f9a0e54f00780aaf8dea354f9a9ab8f3b7bcf5cac2 cd46574efda73f4e3802254ca28a19b822ca052b02de467acb0d4c3c7be57515
SERVER_HANDSHAKE_TRAFFIC_SECRET a76a57581af9eca07759a1f9a0e54f00780aaf8dea354f9a9ab8f3b7bcf5cac2 50241531e81332d1405d797d0d15b5b8f94ef814fd313d7f80676e01651786ee
CLIENT_RANDOM 129c3aca473f1f9ca0267d52814a73d02db4587805223b9150c62913b63094c3 d8faecba7d8fc31958edc062379b719c26fa4594a77698b45513ddf23e5a716fdb1c4104e962cc7283c09bbed584f784
CLIENT_HANDSHAKE_TRAFFIC_SECRET 9068959dd5c801b4d6d4bd835eb3607b139db7f5b7fffc39f71e6f970d2d4ea7 063ba75ee1cd895da077474b5bf29a7971009534dde71a4d57879c8504d1d2e7
SERVER_HANDSHAKE_TRAFFIC_SECRET 9068959dd5c801b4d6d4bd835eb3607b139db7f5b7fffc39f71e6f970d2d4ea7 a517ffefcbb7e6d7c724ddc8d1e39a6f3c83587bcd73113c763e7bfae0514df6
CLIENT_TRAFFIC_SECRET_0 9068959dd5c801b4d6d4bd835eb3607b139db7f5b7fffc39f71e6f970d2d4ea7 42f20856801eb2f774315c9bf1c545a36f6781270dd70baf918e07e92b2d01d0
SERVER_TRAFFIC_SECRET_0 9068959dd5c801b4d6d4bd835eb3607b139db7f5b7fffc39f71e6f970d2d4ea7 a13897157e00f0a37cbb5314b5ef9dbf7546a083b80a2a488a05b5cda0408923
EXPORTER_SECRET 9068959dd5c801b4d6d4bd835eb3607b139db7f5b7fffc39f71e6f970d2d4ea7 c62b92424af0061c0aed9e100c54d1818868285b530af3116c2302cbb353f75c
CLIENT_RANDOM af90ef84d8d8ec5bc3f6e28b9665eb2d84079a687d5177d73734dcd531773344 03ef574d1b6668a6f8a3632a5d0902b847699eac04d427d471172f5e836877b15cc2e85f60f5700efa9c93f2e056e3f7
CLIENT_RANDOM c4368b7638be1b40fcc006b349e8fd4f4a55e140deadb6fcde1d089373149791 fc52e322bf87692b98f8877f7cdc9232729710fe10ece115f4b034731fc36961079ca121beec3c1a669574c9b5165f2a
CLIENT_HANDSHAKE_TRAFFIC_SECRET 5d3c10946505bea551400fcfa7ff60f5d934411ce697705cd19a824b864cc8ec b24987aeb11b521b309c1db16126fa9cbbab30c53a7046d91657b5746bf6f957
SERVER_HANDSHAKE_TRAFFIC_SECRET 5d3c10946505bea551400fcfa7ff60f5d934411ce697705cd19a824b864cc8ec 92c6580504cece4f83cbf89ad4fd210053f2349963bf37a3b4a6409a1a8364b9
CLIENT_TRAFFIC_SECRET_0 5d3c10946505bea551400fcfa7ff60f5d934411ce697705cd19a824b864cc8ec 1efe80489263bb42b6cb0953150c933ed889f20a6c12f1e4f0f429e0812416ee
SERVER_TRAFFIC_SECRET_0 5d3c10946505bea551400fcfa7ff60f5d934411ce697705cd19a824b864cc8ec 35492b7c68fe4a48c36f84002f8452ec08a4dda37bce36f6d01b1d2bf6882a64
EXPORTER_SECRET 5d3c10946505bea551400fcfa7ff60f5d934411ce697705cd19a824b864cc8ec 4430ffe5b2765833ee8fd3ec6b043c8cb4524e8455ff5bbe1d32690f0a73450d
CLIENT_RANDOM abff2836014cb291add44d1a425a6fcb36fb7f2d4a76616556913edae894185b 783ea77786b93a00d922b5277296cc4a7a6dd88000a08633400420b4b747cb5efeebbe9ec6e819f4bda5ea3ce298f274
CLIENT_RANDOM 704da44a2e09b440872011406cfc4af67a3591540ea8d433922a1a55d0b96f3e fc52e322bf87692b98f8877f7cdc9232729710fe10ece115f4b034731fc36961079ca121beec3c1a669574c9b5165f2a
CLIENT_RANDOM 38a26fc3050947eca567c5ce5ae1fedc70cb8f8aec8276c83a96fb452d2c202a fc52e322bf87692b98f8877f7cdc9232729710fe10ece115f4b034731fc36961079ca121beec3c1a669574c9b5165f2a
CLIENT_RANDOM ec8c124c8f4a74a5c0c96e4b93c759629e44dc167c782f0f228ecd5b2d6f6d2c 783ea77786b93a00d922b5277296cc4a7a6dd88000a08633400420b4b747cb5efeebbe9ec6e819f4bda5ea3ce298f274
CLIENT_RANDOM e912875708e7c02a256a24088740a9827d43a926a07e1a0841e47d487b9bd1aa b55ff6e491721de77e6a2fa227d19f52d0c7190540aebdb8e166a8fafbfae0f16ccefd836d245aaa07274e3d75dcbd77
CLIENT_HANDSHAKE_TRAFFIC_SECRET 3442be71b15bbed6a6303f8377271b1a954c4ff15a42ab89cba8d68919c75fc3 a4ed4b3d85fb35d8c37aa70869cd817923f6637bc471216ddb9f86d0256c0468226a8d741e1cf6c33c0f2f02517ecb52
SERVER_HANDSHAKE_TRAFFIC_SECRET 3442be71b15bbed6a6303f8377271b1a954c4ff15a42ab89cba8d68919c75fc3 5aee189db7faa759e87c442541de85f30cb121ea7b4bf2a42d04789525b3a7a0515a6092532140b5de51cca1f0761a29
CLIENT_TRAFFIC_SECRET_0 3442be71b15bbed6a6303f8377271b1a954c4ff15a42ab89cba8d68919c75fc3 04c03a771f1dba01d7180938415ebf500a725263347edffc8ab44ec83947d0174fcadf182ed9c914034694dc88267942
SERVER_TRAFFIC_SECRET_0 3442be71b15bbed6a6303f8377271b1a954c4ff15a42ab89cba8d68919c75fc3 e0cb6b24a5579ce19f9af8a553b5173157e6480cf0f961e1b80a81484c8aecec0f99622cb034ca0c00f24cd1b4ac815f
EXPORTER_SECRET 3442be71b15bbed6a6303f8377271b1a954c4ff15a42ab89cba8d68919c75fc3 4ea651a57a87679a225bd4d513f22a3457de04e8d68b84ac0d833dcdded1cce51752a3518b467cc40c451bb9556c873a
CLIENT_RANDOM a49ec5196a46d9c605b2b9e725a244b74bb124ce94c9980f8f584dc4a721980e a4d17e3b1b354eeb98109d1ee60c96ffbbf31421c4dab14401671f096a171132e7be64e0c8dbaef228b84153529ebd77
CLIENT_RANDOM 2c7de4c6fdf6f4b5d892da236771f8ec9454f78c8c755085f99d776f9170e929 9202d4abcaa6bbee3fb88f943a64237b999a4cea8696038fec85224ebbdced0007fa38883c57e1c35ee1a185e8e3c29d
CLIENT_RANDOM 819ed9a47d3284a692bfc6a535868cdc98bb0fcc3b3d95f7504cedef92509d30 4a3484ddba4c838a9e917ec58ff1596895b9f8e8aee2cdd3c7f1b5ca1e367e6832d8b452b84f91caa6bd62b20958b131
CLIENT_RANDOM 601c5094e629e9acd7bbee577312acfbdba9130caad13516360e4f45b591de21 b419d6343c57dc35b4d55998eba01739e17de22040cd756928b0cd397a5b9ea2b5f4936ffd0de795ad81e39a87a90f33
CLIENT_RANDOM d6456bc8897e11838bec34ce873f28f38ad0822a6932937982dfc77ad3260fb8 bf6e78c28a5ccedd4a222c9e29f0e6a63460a8532552dd87c3369861e5dd7d36473af7cd64c342086001242f12cb0520
CLIENT_RANDOM 9a6f4b1ff028ede8ca548aec5a56d7c9d0748323662a13d120ecd6c5773ab5bf 02809610d49bc1a330ce4161afe983ccb3f2aa6999d8a8e5a5f51fc0969bbfee8c8921afc010f07e6411ea1eac75d0ff
CLIENT_RANDOM 44f0dcc8d83121fc11dd79b432b36abb42769065d9490ebfa159892508f5fd2a a444262e7e17db7e91a8f632ce6181c0e981f0af799381647e802bdb97c287c16693150959f0eeb1279d7a3494a8a384
CLIENT_RANDOM b19bee440cb47785fc41f22f712507a94ed60974119ca498519892444484347b 3b2d8967a4d339f9bcee292227da2d9b0b510ad1d3a16df28dfc3f7489f03e0aecff1b8b735dae38176e1b67fd0c42d3
CLIENT_RANDOM e3ae146a463f3928c94206fc43ff8fa1c87668f316a7cf3e9fc9488e62d444e9 34218acae2efef5c9d70a0b88949eaa48ba9bc7e2d187465d1eabe9fbfcd35cb8d8aed20f6867b6a420d33e1f64a7de2
CLIENT_HANDSHAKE_TRAFFIC_SECRET 6c974ee44cd45ca6d18296ebd315b142f556924af87d9ad84abea15dd4925216 dd13010d6048cafc7b0949c5168a6d412bcf21e5097f515fce06628a98c8fe8322073fded7a67f57c41a467c62f19eb0
SERVER_HANDSHAKE_TRAFFIC_SECRET 6c974ee44cd45ca6d18296ebd315b142f556924af87d9ad84abea15dd4925216 6089d01a176ff765b6d85fd31814134484b0510a79dc691cfcca82ac669bf792d4f0e21326e6216b99a0d7eac62d2d01
CLIENT_TRAFFIC_SECRET_0 6c974ee44cd45ca6d18296ebd315b142f556924af87d9ad84abea15dd4925216 f66c7b14ff52bcc4e72c532e17f0e8aba0b35611ef7a05130b401149baa4aa3ca192aad7c7a2d436eb45326caabefa5c
SERVER_TRAFFIC_SECRET_0 6c974ee44cd45ca6d18296ebd315b142f556924af87d9ad84abea15dd4925216 8bcde8ccf307dfa2a9b9a996b6afbcab691e16039782646577b726919d5a512fe988b5c27a4928cdc6a46399ad7e38f2
EXPORTER_SECRET 6c974ee44cd45ca6d18296ebd315b142f556924af87d9ad84abea15dd4925216 d6e96de237e0d3a25fedc0d05bc844fb98fee06a2965292a3e75f473becd9fb58e4afed5ed0a0c8dc7a86d1eb5f8532c
CLIENT_RANDOM 1ce341034b2546fc258212965d2edc18c4368bde558409ebd03ae4fcc1ef6745 2436e0efc3b29ac1e72419ec4bf1ceaf870a9cad3b6a77677fe3b48672f176b259efd34714be6c5c9449122b2b89fd37
CLIENT_RANDOM b2008740f3109ec8a6264ecca1d12bc98defb6d17dfa2db0db7894745af226a8 cf35bb4aeae040d05b618916c668f785b7d97067147bc2c1afb3cb8ecb5629ec58b2c51ee7e9cd2807cb193ddc99595a
CLIENT_RANDOM 4d510c7472663c3a29ab5b8d37d808d20961599ac19d577e39520db780da2a53 2e3f796110e61812f0988f23e7bc82cd80f42e9be52f7b138ae632e494671a1d3bf95c3e233deb443ca159f1e200ee7b
CLIENT_RANDOM 149fa032711c8a415b89274fbdad0011867b5d293fa9043de3fd931d55939766 8d16a54224a9c8582c3fd3a8cc2aa7d6e5baeef72e6ed6d79313e89e8c9f6729ef499e60ed38c88f3a6c45b34ddb01bb
CLIENT_RANDOM 9be924543cb1a731c52902baa19f0593599396eb1e981086f3e02d592c8ab15f dfaa7fc58a996e35b8ba5e7c6e6df868c0eb48235cd6282a909c73abcabe813b3bc0d926f30fa73358c0d49b17daf42e
CLIENT_RANDOM dd1a6408d8293a8416e89fe4790cf5ad3d488df13381fd7ec8da9ad371b8ca60 b40959484cfffaa31ebaacc48e358770421ed5e12208819bec8cbc19152d52dc2770cf72406fccb8a674a5e11f356923
CLIENT_HANDSHAKE_TRAFFIC_SECRET 0cc3036615d41cb5561d8be8321ebc5d68e1229107b676f5697c649e1b273591 24f62ce6c92894dc14208f61d931a1df0682d3d299e266cd5d032a7c21bd3081
SERVER_HANDSHAKE_TRAFFIC_SECRET 0cc3036615d41cb5561d8be8321ebc5d68e1229107b676f5697c649e1b273591 776d15d061286b066b3492a648df9df101d30dc703054ccef1f6f55c514ee3f6
CLIENT_TRAFFIC_SECRET_0 0cc3036615d41cb5561d8be8321ebc5d68e1229107b676f5697c649e1b273591 07c8144ab0d4a2bfd1dc941c73b131aa35251eaad93cf80a886c9156decd542e
SERVER_TRAFFIC_SECRET_0 0cc3036615d41cb5561d8be8321ebc5d68e1229107b676f5697c649e1b273591 b76c039ff211f47fa6c9279f5cfc14d0a07ed4944807ed8bcab03b55955f1ead
EXPORTER_SECRET 0cc3036615d41cb5561d8be8321ebc5d68e1229107b676f5697c649e1b273591 f97764bfc10cd42fcd7625011fef0ca55e3734d1cbd8fc9abea1019e1eacff4e
CLIENT_HANDSHAKE_TRAFFIC_SECRET 3f2e139bfdbeba13dd454e661cda6936f0b8128727a35c24b6f732f137a62a59 d0aaa719dd71de16708e7d5e8063d5002dabdc669a32feefef2207ac1ebde85f
SERVER_HANDSHAKE_TRAFFIC_SECRET 3f2e139bfdbeba13dd454e661cda6936f0b8128727a35c24b6f732f137a62a59 c9aa9c15a6fa8a1e729fa7620ab8d59388e59f7203750ee23496df9b5907200a
CLIENT_HANDSHAKE_TRAFFIC_SECRET 1e0487d1ce1689f18aa30a9ffebe4998f55bf03a3cc9d57edacbff7d49000c4a bcb174afd0a56f1f04b68f6cbfb8545788e5b426b375239b121a1122e29c4fd7
SERVER_HANDSHAKE_TRAFFIC_SECRET 1e0487d1ce1689f18aa30a9ffebe4998f55bf03a3cc9d57edacbff7d49000c4a a4e64f2a8eb3da0e537f77a20c611b3eb3b29067d01518ee70528804b2c04a15
CLIENT_HANDSHAKE_TRAFFIC_SECRET 87bc492f7d1da8c1a09c3d2898ad9c2614940483238e902e139e3639d8686864 60fef5573fc5f00fb387e130d034027a9f8d8e1a04d5a2766590c2be63e8cf82
SERVER_HANDSHAKE_TRAFFIC_SECRET 87bc492f7d1da8c1a09c3d2898ad9c2614940483238e902e139e3639d8686864 2da7b6ebd5657085229134c2355e51bd9d2bdf81a5614ca731b265809464b590
CLIENT_HANDSHAKE_TRAFFIC_SECRET 26f997583d93dfa361874360dc03970d5a6d6cac34c54d370231b18321079b61 03f272b03d456d51aceffffe6c7c2d58f1079d1efeef2a3584981142b223d462
SERVER_HANDSHAKE_TRAFFIC_SECRET 26f997583d93dfa361874360dc03970d5a6d6cac34c54d370231b18321079b61 5639afbb4b13dc0d970ff1057f9601defce5a19a36cb118425f4cdadb47e28be
CLIENT_HANDSHAKE_TRAFFIC_SECRET c85dbf7fa5f214961ac8b6d71d75b2bb4a9e847589cb261deaf2caf020848673 5a3870058e6d81e426dcfacdc005cded8661977a2d9081aa648592fc04d86bd9
SERVER_HANDSHAKE_TRAFFIC_SECRET c85dbf7fa5f214961ac8b6d71d75b2bb4a9e847589cb261deaf2caf020848673 dc2107f27e1850795ad0beaf14b3b1d33eb2345a979ecd07db535f101736872b
CLIENT_TRAFFIC_SECRET_0 3f2e139bfdbeba13dd454e661cda6936f0b8128727a35c24b6f732f137a62a59 5ade05df870da2ea4f9d774859785f2d732410dbe70cae930bb49b96c955feb4
SERVER_TRAFFIC_SECRET_0 3f2e139bfdbeba13dd454e661cda6936f0b8128727a35c24b6f732f137a62a59 9ef6a2b23539b9b842e51b6160679f1f3b766d7ddb406daf17bcc65008628abc
EXPORTER_SECRET 3f2e139bfdbeba13dd454e661cda6936f0b8128727a35c24b6f732f137a62a59 1f1a901a980f1d73063b96ed6289ae0d13f1192f6fa363b4acbbf7cf5da05028
CLIENT_TRAFFIC_SECRET_0 1e0487d1ce1689f18aa30a9ffebe4998f55bf03a3cc9d57edacbff7d49000c4a a247293b05652ae6cf2771a48fb015320fc998aa832e88be8ae1c677b29117fb
SERVER_TRAFFIC_SECRET_0 1e0487d1ce1689f18aa30a9ffebe4998f55bf03a3cc9d57edacbff7d49000c4a 10f10c7afbbc66afe3ad3ee6ea63ce316374dd85c4c292016dd928d7b5d4e6a1
EXPORTER_SECRET 1e0487d1ce1689f18aa30a9ffebe4998f55bf03a3cc9d57edacbff7d49000c4a 652845eef2781aa325463aaaf688b2ef80c44cef2134d7301d9c02411757e756
CLIENT_TRAFFIC_SECRET_0 87bc492f7d1da8c1a09c3d2898ad9c2614940483238e902e139e3639d8686864 fcd8c13a2607524c46b9db479db1370de38f491b580f4d7f2f497a692dee0ada
SERVER_TRAFFIC_SECRET_0 87bc492f7d1da8c1a09c3d2898ad9c2614940483238e902e139e3639d8686864 575f0b86b5972e5d4cf0e8577e0fd948d4006464cd1c280a11f7fd81e6c93b23
EXPORTER_SECRET 87bc492f7d1da8c1a09c3d2898ad9c2614940483238e902e139e3639d8686864 8b659ef9264ff95e1608daa0b9e63f30338381d87ee52e9ca7e5c29732ea3389
CLIENT_TRAFFIC_SECRET_0 26f997583d93dfa361874360dc03970d5a6d6cac34c54d370231b18321079b61 b4c72a9b033c870f0f02f99d1666504b70eff15debeed124aab2d6810435640e
SERVER_TRAFFIC_SECRET_0 26f997583d93dfa361874360dc03970d5a6d6cac34c54d370231b18321079b61 7d55e684be17c5e0927289269c1eaf9695d6ac989409da93a39fe297c2ac548f
EXPORTER_SECRET 26f997583d93dfa361874360dc03970d5a6d6cac34c54d370231b18321079b61 b1357a3cf2bf5784d4fa407fe719cdce2f47801661ccd4a630bfe601fa4956ee
CLIENT_TRAFFIC_SECRET_0 c85dbf7fa5f214961ac8b6d71d75b2bb4a9e847589cb261deaf2caf020848673 541afcf0fd7d4031eb69361763c30a6a78f0f14d339d935d35f0d813878aea1e
SERVER_TRAFFIC_SECRET_0 c85dbf7fa5f214961ac8b6d71d75b2bb4a9e847589cb261deaf2caf020848673 7dc9e68d270308714f406c94e7a11bb5e909e57be91d9eddf3737a2ed68e0f7c
EXPORTER_SECRET c85dbf7fa5f214961ac8b6d71d75b2bb4a9e847589cb261deaf2caf020848673 50568b4828becd80eb753ba76e9b2cabfe705c6298ba933c4094c44b191e2d75
CLIENT_RANDOM 5e99f6925655b477255c1410f736cc9a33cefca9f7cc122cae05954474a1b166 dd7d7bfe21eed5fe0b1da9750e560e18df2f50c8018897455f5d59e66c15d1f38217b853a4fd543fa557ad2047ca3be0
CLIENT_RANDOM 5e99f6f0e820ddd3a5619fc4750eb06701b99f74f3593c095cf55d9f15cc48cc 60c7672a8f6aaaeae23a548b01834c03ca3dd239d1ae4e3b8f9139e74eb7cc071f08634279dcc6ef591ba8f4d16d91dc
